2025-08-31 08:47:37,675 - INFO - No directory provided!
2025-08-31 08:47:45,885 - INFO - Attempting to rename filename: 2000AD 1795 (08-08-12).cbz
2025-08-31 08:47:45,885 - INFO - Custom rename pattern disabled or not configured, using default logic
2025-08-31 08:47:45,885 - INFO - Matched ISSUE_PATTERN for: 2000AD 1795.cbz
2025-08-31 08:48:35,925 - INFO - No directory provided!
2025-08-31 09:28:55,540 - INFO - Attempting to rename filename: 199309 Hokum & Hex v1 001.cbz
2025-08-31 09:28:55,540 - INFO - Custom rename pattern disabled or not configured, using default logic
2025-08-31 09:28:55,540 - INFO - Matched YEAR_MONTH_SERIES_VOLUME_ISSUE_PATTERN for: 199309 Hokum & Hex v1 001.cbz
2025-08-31 09:31:14,479 - INFO - Attempting to rename filename: Legion of Super-Heroes, 1985-07-00 (#14) (digital) (Glorith-Novus-HD).cbz
2025-08-31 09:31:14,480 - INFO - Custom rename pattern disabled or not configured, using default logic
2025-08-31 09:31:14,480 - INFO - Matched TITLE_COMMA_YEAR_HASH_ISSUE_PATTERN for: Legion of Super-Heroes, 1985-07-00 (#14) (digital) (Glorith-Novus-HD).cbz
2025-08-31 09:31:23,511 - INFO - Attempting to rename filename: 199309 Hokum & Hex v1 001.cbz
2025-08-31 09:31:23,512 - INFO - Custom rename pattern disabled or not configured, using default logic
2025-08-31 09:31:23,512 - INFO - Matched YEAR_MONTH_SERIES_VOLUME_ISSUE_PATTERN for: 199309 Hokum & Hex v1 001.cbz
2025-08-31 09:31:23,512 - INFO - Attempting to rename filename: Legion of Super-Heroes, 1985-07-00 (#14) (digital) (Glorith-Novus-HD).cbz
2025-08-31 09:31:23,512 - INFO - Custom rename pattern disabled or not configured, using default logic
2025-08-31 09:31:23,512 - INFO - Matched TITLE_COMMA_YEAR_HASH_ISSUE_PATTERN for: Legion of Super-Heroes, 1985-07-00 (#14) (digital) (Glorith-Novus-HD).cbz
2025-08-31 09:41:43,484 - INFO - Attempting to rename filename: 199403 Hokum & Hex v1 007.cbr
2025-08-31 09:41:43,484 - INFO - Custom rename pattern disabled or not configured, using default logic
2025-08-31 09:41:43,485 - INFO - Matched YEAR_MONTH_SERIES_VOLUME_ISSUE_PATTERN for: 199403 Hokum & Hex v1 007.cbr
2025-08-31 15:14:14,799 - INFO - Attempting to rename filename: Legion of Super-Heroes, 1985-06-00 (#13) (digital) (Glorith-Novus-HD).cbz
2025-08-31 15:14:14,799 - INFO - Custom rename pattern disabled or not configured, using default logic
2025-08-31 15:14:14,799 - INFO - Matched TITLE_COMMA_YEAR_HASH_ISSUE_PATTERN for: Legion of Super-Heroes, 1985-06-00 (#13) (digital) (Glorith-Novus-HD).cbz
2025-08-31 16:00:10,469 - WARNING - Missing series_name in extracted values: {'series_name': '', 'volume_number': '', 'year': '1990', 'issue_number': ''}
2025-08-31 16:00:10,469 - WARNING - Missing series_name in extracted values: {'series_name': '', 'volume_number': '', 'year': '', 'issue_number': ''}
2025-08-31 16:00:32,561 - INFO - Attempting to rename filename: Mister Miracle 1989-08 ( 08) (1989) (Digital) (Shadowcat-Empire).cbz
2025-08-31 16:00:32,561 - INFO - Custom rename pattern disabled or not configured, using default logic
2025-08-31 16:00:32,562 - INFO - Matched SERIES_YEAR_MONTH_ISSUE_PATTERN for: Mister Miracle 1989-08 ( 08) (1989) (Digital) (Shadowcat-Empire).cbz
2025-08-31 16:00:32,562 - INFO - Attempting to rename filename: Mister Miracle 1989-10 ( 10) (1989) (Digital) (Shadowcat-Empire).cbz
2025-08-31 16:00:32,562 - INFO - Custom rename pattern disabled or not configured, using default logic
2025-08-31 16:00:32,562 - INFO - Matched SERIES_YEAR_MONTH_ISSUE_PATTERN for: Mister Miracle 1989-10 ( 10) (1989) (Digital) (Shadowcat-Empire).cbz
2025-08-31 16:00:35,827 - INFO - No directory provided!
2025-09-01 10:00:27,859 - INFO - Attempting to rename filename: Mister Miracle 1990-09-18 ( 21) (digital) (Glorith-Novus-HD).cbz
2025-09-01 10:00:27,860 - INFO - Custom rename pattern disabled or not configured, using default logic
2025-09-01 10:00:27,860 - INFO - Matched SERIES_YEAR_MONTH_DAY_ISSUE_PATTERN for: Mister Miracle 1990-09-18 ( 21) (digital) (Glorith-Novus-HD).cbz
2025-09-04 23:21:45,715 - INFO - Attempting to rename filename: JLA Classified, 2005 003 (Digital) (AnHeroGold-Empire).cbz
2025-09-04 23:21:45,715 - INFO - Custom rename pattern disabled or not configured, using default logic
2025-09-04 23:21:45,715 - INFO - Matched ISSUE_PATTERN for: JLA Classified, 2005 003.cbz
2025-09-04 23:22:13,747 - INFO - Attempting to rename filename: JLA Classified, 2005 003 (Digital) (AnHeroGold-Empire).cbz
2025-09-04 23:22:13,748 - INFO - Custom rename pattern disabled or not configured, using default logic
2025-09-04 23:22:13,748 - INFO - Matched ISSUE_PATTERN for: JLA Classified, 2005 003.cbz
2025-09-04 23:22:32,583 - INFO - Attempting to rename filename: JLA Classified, 2005 003 (Digital) (AnHeroGold-Empire).cbz
2025-09-04 23:33:20,797 - INFO - Attempting to rename filename: JLA Classified, 2005-07-00 (_10) (digital) (Glorith-Novus-HD).cbz
2025-09-04 23:33:56,951 - INFO - Attempting to rename filename: JLA Classified, 2005-07-00 (_10) (digital) (Glorith-Novus-HD).cbz
2025-09-04 23:35:58,628 - INFO - Attempting to rename filename: JLA Classified, 2005-07-00 (_10) (digital) (Glorith-Novus-HD).cbz
2025-09-04 23:36:21,792 - INFO - Attempting to rename filename: JLA Classified, 2005-07-00 (_10) (digital) (Glorith-Novus-HD).cbz
2025-09-04 23:37:08,730 - INFO - Attempting to rename filename: JLA Classified, 2005 003 (Digital) (AnHeroGold-Empire).cbz
2025-09-04 23:37:08,730 - INFO - Attempting to rename filename: JLA Classified, 2005-07-00 (_10) (digital) (Glorith-Novus-HD).cbz
2025-09-19 10:56:05,460 - INFO - App started successfully!
2025-09-19 10:56:05,460 - INFO - System memory: 16.0GB available, 49.5% used
2025-09-19 10:56:05,461 - INFO - Memory monitoring started
2025-09-19 10:56:05,461 - INFO - Memory management initialized
2025-09-19 10:56:05,470 - INFO - Flask app is starting up...
2025-09-19 10:56:05,470 - INFO - Building file index for fast search...
2025-09-19 10:56:05,470 - INFO - File index built successfully: 0 items in 0.00 seconds
2025-09-19 10:56:05,509 - INFO - Running as user: phill
2025-09-19 11:35:43,683 - INFO - App started successfully!
2025-09-19 11:35:43,683 - INFO - System memory: 16.3GB available, 48.6% used
2025-09-19 11:35:43,683 - INFO - Memory monitoring started
2025-09-19 11:35:43,683 - INFO - Memory management initialized
2025-09-19 11:35:43,692 - INFO - Flask app is starting up...
2025-09-19 11:35:43,692 - INFO - Building file index for fast search...
2025-09-19 11:35:43,692 - INFO - File index built successfully: 0 items in 0.00 seconds
2025-09-19 11:35:43,696 - INFO - Running as user: phill
2025-09-19 11:37:52,909 - INFO - App started successfully!
2025-09-19 11:37:52,909 - INFO - System memory: 16.0GB available, 49.8% used
2025-09-19 11:37:52,909 - INFO - Memory monitoring started
2025-09-19 11:37:52,909 - INFO - Memory management initialized
2025-09-19 11:37:52,920 - INFO - Flask app is starting up...
2025-09-19 11:37:52,920 - INFO - Building file index for fast search...
2025-09-19 11:37:52,921 - INFO - File index built successfully: 0 items in 0.00 seconds
2025-09-19 11:37:52,924 - INFO - Running as user: phill
2025-09-19 11:44:15,254 - INFO - App started successfully!
2025-09-19 11:44:15,254 - INFO - System memory: 15.7GB available, 50.7% used
2025-09-19 11:44:15,255 - INFO - Memory monitoring started
2025-09-19 11:44:15,255 - INFO - Memory management initialized
2025-09-19 11:44:15,264 - INFO - Flask app is starting up...
2025-09-19 11:44:15,265 - INFO - Building file index for fast search...
2025-09-19 11:44:15,265 - INFO - File index built successfully: 0 items in 0.00 seconds
2025-09-19 11:44:15,269 - INFO - Running as user: phill
2025-09-19 11:46:52,282 - INFO - App started successfully!
2025-09-19 11:46:52,283 - INFO - System memory: 15.9GB available, 50.0% used
2025-09-19 11:46:52,283 - INFO - Memory monitoring started
2025-09-19 11:46:52,283 - INFO - Memory management initialized
2025-09-19 11:46:52,292 - INFO - Flask app is starting up...
2025-09-19 11:46:52,292 - INFO - Building file index for fast search...
2025-09-19 11:46:52,292 - INFO - File index built successfully: 0 items in 0.00 seconds
2025-09-19 11:46:52,297 - INFO - Running as user: phill
2025-09-19 12:09:41,587 - INFO - App started successfully!
2025-09-19 12:09:41,587 - INFO - System memory: 16.0GB available, 49.7% used
2025-09-19 12:09:41,588 - INFO - Memory monitoring started
2025-09-19 12:09:41,588 - INFO - Memory management initialized
2025-09-19 12:09:41,598 - INFO - Flask app is starting up...
2025-09-19 12:09:41,598 - INFO - Building file index for fast search...
2025-09-19 12:09:41,598 - INFO - File index built successfully: 0 items in 0.00 seconds
2025-09-19 12:09:41,602 - INFO - Running as user: phill
2025-09-19 12:30:43,581 - INFO - App started successfully!
2025-09-19 12:30:43,581 - INFO - System memory: 15.8GB available, 50.4% used
2025-09-19 12:30:43,581 - INFO - Memory monitoring started
2025-09-19 12:30:43,581 - INFO - Memory management initialized
2025-09-19 12:30:43,592 - INFO - Flask app is starting up...
2025-09-19 12:30:43,592 - INFO - Building file index for fast search...
2025-09-19 12:30:43,592 - INFO - File index built successfully: 0 items in 0.00 seconds
2025-09-19 12:30:43,592 - INFO - Running as user: phill
2025-09-19 13:16:43,323 - INFO - App started successfully!
2025-09-19 13:16:43,323 - INFO - System memory: 15.9GB available, 49.9% used
2025-09-19 13:16:43,324 - INFO - Memory monitoring started
2025-09-19 13:16:43,324 - INFO - Memory management initialized
2025-09-19 13:16:43,332 - INFO - Flask app is starting up...
2025-09-19 13:16:43,332 - INFO - Building file index for fast search...
2025-09-19 13:16:43,333 - INFO - File index built successfully: 0 items in 0.00 seconds
2025-09-19 13:16:43,337 - INFO - Running as user: phill
2025-09-19 19:16:43,466 - INFO - File index invalidated
2025-09-19 19:16:43,468 - INFO - Building file index for fast search...
2025-09-19 19:16:43,470 - INFO - File index built successfully: 0 items in 0.00 seconds
2025-09-20 01:16:43,587 - INFO - File index invalidated
2025-09-20 01:16:43,588 - INFO - Building file index for fast search...
2025-09-20 01:16:43,588 - INFO - File index built successfully: 0 items in 0.00 seconds
2025-09-20 07:16:43,706 - INFO - File index invalidated
2025-09-20 07:16:43,706 - INFO - Building file index for fast search...
2025-09-20 07:16:43,706 - INFO - File index built successfully: 0 items in 0.00 seconds
2025-09-20 13:16:43,831 - INFO - File index invalidated
2025-09-20 13:16:43,831 - INFO - Building file index for fast search...
2025-09-20 13:16:43,831 - INFO - File index built successfully: 0 items in 0.00 seconds
2025-09-20 19:16:43,958 - INFO - File index invalidated
2025-09-20 19:16:43,958 - INFO - Building file index for fast search...
2025-09-20 19:16:43,958 - INFO - File index built successfully: 0 items in 0.00 seconds
2025-09-21 01:16:44,083 - INFO - File index invalidated
2025-09-21 01:16:44,083 - INFO - Building file index for fast search...
2025-09-21 01:16:44,083 - INFO - File index built successfully: 0 items in 0.00 seconds
2025-09-21 07:16:44,221 - INFO - File index invalidated
2025-09-21 07:16:44,221 - INFO - Building file index for fast search...
2025-09-21 07:16:44,221 - INFO - File index built successfully: 0 items in 0.00 seconds
2025-09-21 13:16:44,346 - INFO - File index invalidated
2025-09-21 13:16:44,346 - INFO - Building file index for fast search...
2025-09-21 13:16:44,346 - INFO - File index built successfully: 0 items in 0.00 seconds
2025-09-21 19:16:44,472 - INFO - File index invalidated
2025-09-21 19:16:44,472 - INFO - Building file index for fast search...
2025-09-21 19:16:44,472 - INFO - File index built successfully: 0 items in 0.00 seconds
2025-09-22 01:16:44,601 - INFO - File index invalidated
2025-09-22 01:16:44,601 - INFO - Building file index for fast search...
2025-09-22 01:16:44,601 - INFO - File index built successfully: 0 items in 0.00 seconds
2025-09-22 07:16:44,727 - INFO - File index invalidated
2025-09-22 07:16:44,727 - INFO - Building file index for fast search...
2025-09-22 07:16:44,727 - INFO - File index built successfully: 0 items in 0.00 seconds
2025-09-22 13:16:44,858 - INFO - File index invalidated
2025-09-22 13:16:44,859 - INFO - Building file index for fast search...
2025-09-22 13:16:44,859 - INFO - File index built successfully: 0 items in 0.00 seconds
2025-09-22 19:16:44,979 - INFO - File index invalidated
2025-09-22 19:16:44,979 - INFO - Building file index for fast search...
2025-09-22 19:16:44,982 - INFO - File index built successfully: 0 items in 0.00 seconds
2025-09-23 01:16:45,098 - INFO - File index invalidated
2025-09-23 01:16:45,099 - INFO - Building file index for fast search...
2025-09-23 01:16:45,099 - INFO - File index built successfully: 0 items in 0.00 seconds
2025-09-23 07:16:45,212 - INFO - File index invalidated
2025-09-23 07:16:45,212 - INFO - Building file index for fast search...
2025-09-23 07:16:45,212 - INFO - File index built successfully: 0 items in 0.00 seconds
2025-09-23 13:16:45,322 - INFO - File index invalidated
2025-09-23 13:16:45,322 - INFO - Building file index for fast search...
2025-09-23 13:16:45,323 - INFO - File index built successfully: 0 items in 0.00 seconds
2025-09-23 19:16:45,433 - INFO - File index invalidated
2025-09-23 19:16:45,433 - INFO - Building file index for fast search...
2025-09-23 19:16:45,433 - INFO - File index built successfully: 0 items in 0.00 seconds
2025-09-24 01:16:45,516 - INFO - File index invalidated
2025-09-24 01:16:45,516 - INFO - Building file index for fast search...
2025-09-24 01:16:45,516 - INFO - File index built successfully: 0 items in 0.00 seconds
2025-09-24 07:16:45,618 - INFO - File index invalidated
2025-09-24 07:16:45,619 - INFO - Building file index for fast search...
2025-09-24 07:16:45,619 - INFO - File index built successfully: 0 items in 0.00 seconds
2025-09-24 13:16:45,732 - INFO - File index invalidated
2025-09-24 13:16:45,732 - INFO - Building file index for fast search...
2025-09-24 13:16:45,732 - INFO - File index built successfully: 0 items in 0.00 seconds
2025-09-24 14:00:34,588 - INFO - Attempting to rename filename: Vampblade Season 3 006 (2018) (digital) (d'argh-Empire).cbr
2025-09-24 14:00:34,595 - INFO - Attempting to rename filename: Vampblade Season 3 004 (2018) (digital) (d'argh-Empire).cbr
2025-09-24 14:00:34,597 - INFO - Attempting to rename filename: Series Season 2 008 (2020).cbz
2025-09-24 14:00:34,597 - INFO - Attempting to rename filename: Test Season 12 001.cbz
2025-09-24 14:03:59,986 - INFO - Rule rule135 (priority 135) matched: Vampblade Season 3 006 (2018) (digital) (d'argh-Empire).cbr
2025-09-24 14:03:59,986 - INFO - Rule rule135 (priority 135) matched: Vampblade Season 2 008 (2017) (digital) (d'argh-Empire).cbr
2025-09-24 14:03:59,986 - INFO - Rule rule135 (priority 135) matched: Vampblade Season 12 001 (2020).cbz
2025-09-24 14:03:59,986 - INFO - Rule rule132 (priority 132) matched: Test Season 5 012.cbr
